2025-08-13 13:12:13,036 - INFO - Scanning entire repository...
2025-08-13 13:12:13,036 - INFO - Starting repository scan
2025-08-13 13:12:13,039 - INFO - Found 52 tracked files in repository
2025-08-13 13:12:13,041 - DEBUG - Skipping excluded file: .DS_Store
2025-08-13 13:12:13,045 - DEBUG - Skipping excluded file: README.md
2025-08-13 13:12:13,046 - DEBUG - Skipping excluded file: USER_GUIDE.md
2025-08-13 13:12:13,046 - DEBUG - Skipping excluded file: file_version_info.txt
2025-08-13 13:12:13,047 - DEBUG - Skipping excluded file: requirements.txt
2025-08-13 13:12:13,048 - DEBUG - Skipping excluded file: src/.DS_Store
2025-08-13 13:12:13,048 - DEBUG - Skipping excluded file: src/assets/.DS_Store
2025-08-13 13:12:13,048 - DEBUG - Skipping excluded file: src/assets/logo.icns
2025-08-13 13:12:13,048 - DEBUG - Skipping excluded file: src/assets/logo.ico
2025-08-13 13:12:13,048 - DEBUG - Skipping excluded file: src/assets/logo.png
2025-08-13 13:12:13,049 - DEBUG - Skipping excluded file: src/hooks/commit_scripts/exclusions.json
2025-08-13 13:12:13,049 - DEBUG - Skipping excluded file: src/hooks/commit_scripts/exclusions.yaml
2025-08-13 13:12:13,050 - DEBUG - Skipping excluded file: src/hooks/commit_scripts/secretscan.log
2025-08-13 13:12:13,051 - DEBUG - Skipping excluded file: src/tracking/installations.csv
2025-08-13 13:12:13,051 - DEBUG - Skipping excluded file: test/test.py
2025-08-13 13:12:13,051 - DEBUG - Skipping excluded file: test_exclusions.py
2025-08-13 13:12:13,052 - INFO - After filtering, scanning 36 files
2025-08-13 13:12:13,052 - DEBUG - Starting scan of file: .gitignore
2025-08-13 13:12:13,055 - DEBUG - Read 217 bytes from git for file .gitignore
2025-08-13 13:12:13,055 - DEBUG - Scanning 17 lines in .gitignore
2025-08-13 13:12:13,059 - DEBUG - Completed scan of .gitignore, found 0 secrets
2025-08-13 13:12:13,059 - DEBUG - No secrets found in .gitignore
2025-08-13 13:12:13,059 - DEBUG - Starting scan of file: build.bat
2025-08-13 13:12:13,063 - DEBUG - Read 1652 bytes from git for file build.bat
2025-08-13 13:12:13,063 - DEBUG - Scanning 52 lines in build.bat
2025-08-13 13:12:13,065 - DEBUG - Completed scan of build.bat, found 0 secrets
2025-08-13 13:12:13,066 - DEBUG - No secrets found in build.bat
2025-08-13 13:12:13,066 - DEBUG - Starting scan of file: build.sh
2025-08-13 13:12:13,071 - DEBUG - Read 3200 bytes from git for file build.sh
2025-08-13 13:12:13,071 - DEBUG - Scanning 86 lines in build.sh
2025-08-13 13:12:13,075 - DEBUG - Completed scan of build.sh, found 0 secrets
2025-08-13 13:12:13,075 - DEBUG - No secrets found in build.sh
2025-08-13 13:12:13,076 - DEBUG - Starting scan of file: create_distribution.bat
2025-08-13 13:12:13,079 - DEBUG - Read 1145 bytes from git for file create_distribution.bat
2025-08-13 13:12:13,080 - DEBUG - Scanning 32 lines in create_distribution.bat
2025-08-13 13:12:13,082 - DEBUG - Completed scan of create_distribution.bat, found 0 secrets
2025-08-13 13:12:13,083 - DEBUG - No secrets found in create_distribution.bat
2025-08-13 13:12:13,083 - DEBUG - Starting scan of file: generate_spec.py
2025-08-13 13:12:13,087 - DEBUG - Read 2907 bytes from git for file generate_spec.py
2025-08-13 13:12:13,087 - DEBUG - Scanning 101 lines in generate_spec.py
2025-08-13 13:12:13,092 - DEBUG - Completed scan of generate_spec.py, found 0 secrets
2025-08-13 13:12:13,093 - DEBUG - No secrets found in generate_spec.py
2025-08-13 13:12:13,093 - DEBUG - Starting scan of file: genie-hsbc.spec
2025-08-13 13:12:13,097 - DEBUG - Read 2076 bytes from git for file genie-hsbc.spec
2025-08-13 13:12:13,097 - DEBUG - Scanning 68 lines in genie-hsbc.spec
2025-08-13 13:12:13,101 - DEBUG - Completed scan of genie-hsbc.spec, found 0 secrets
2025-08-13 13:12:13,101 - DEBUG - No secrets found in genie-hsbc.spec
2025-08-13 13:12:13,102 - DEBUG - Starting scan of file: genie.spec
2025-08-13 13:12:13,105 - DEBUG - Read 1908 bytes from git for file genie.spec
2025-08-13 13:12:13,105 - DEBUG - Scanning 67 lines in genie.spec
2025-08-13 13:12:13,108 - DEBUG - Completed scan of genie.spec, found 0 secrets
2025-08-13 13:12:13,108 - DEBUG - No secrets found in genie.spec
2025-08-13 13:12:13,108 - DEBUG - Starting scan of file: gitignore
2025-08-13 13:12:13,112 - DEBUG - Read 77 bytes from git for file gitignore
2025-08-13 13:12:13,112 - DEBUG - Scanning 8 lines in gitignore
2025-08-13 13:12:13,113 - DEBUG - Completed scan of gitignore, found 0 secrets
2025-08-13 13:12:13,113 - DEBUG - No secrets found in gitignore
2025-08-13 13:12:13,113 - DEBUG - Starting scan of file: package.py
2025-08-13 13:12:13,117 - DEBUG - Read 6860 bytes from git for file package.py
2025-08-13 13:12:13,117 - DEBUG - Scanning 202 lines in package.py
2025-08-13 13:12:13,127 - DEBUG - Completed scan of package.py, found 0 secrets
2025-08-13 13:12:13,127 - DEBUG - No secrets found in package.py
2025-08-13 13:12:13,127 - DEBUG - Starting scan of file: run_scanner.py
2025-08-13 13:12:13,132 - DEBUG - Read 1720 bytes from git for file run_scanner.py
2025-08-13 13:12:13,132 - DEBUG - Scanning 56 lines in run_scanner.py
2025-08-13 13:12:13,136 - DEBUG - Completed scan of run_scanner.py, found 0 secrets
2025-08-13 13:12:13,136 - DEBUG - No secrets found in run_scanner.py
2025-08-13 13:12:13,137 - DEBUG - Starting scan of file: runtime_hook.py
2025-08-13 13:12:13,140 - DEBUG - Read 553 bytes from git for file runtime_hook.py
2025-08-13 13:12:13,140 - DEBUG - Scanning 20 lines in runtime_hook.py
2025-08-13 13:12:13,141 - DEBUG - Completed scan of runtime_hook.py, found 0 secrets
2025-08-13 13:12:13,141 - DEBUG - No secrets found in runtime_hook.py
2025-08-13 13:12:13,142 - DEBUG - Starting scan of file: secretgenie-cli.bat
2025-08-13 13:12:13,145 - DEBUG - Read 1912 bytes from git for file secretgenie-cli.bat
2025-08-13 13:12:13,145 - DEBUG - Scanning 69 lines in secretgenie-cli.bat
2025-08-13 13:12:13,148 - DEBUG - Completed scan of secretgenie-cli.bat, found 0 secrets
2025-08-13 13:12:13,148 - DEBUG - No secrets found in secretgenie-cli.bat
2025-08-13 13:12:13,149 - DEBUG - Starting scan of file: secretgenie-cli.ps1
2025-08-13 13:12:13,152 - DEBUG - Read 2642 bytes from git for file secretgenie-cli.ps1
2025-08-13 13:12:13,153 - DEBUG - Scanning 73 lines in secretgenie-cli.ps1
2025-08-13 13:12:13,156 - DEBUG - Completed scan of secretgenie-cli.ps1, found 0 secrets
2025-08-13 13:12:13,156 - DEBUG - No secrets found in secretgenie-cli.ps1
2025-08-13 13:12:13,156 - DEBUG - Starting scan of file: secretgenie-cli.sh
2025-08-13 13:12:13,160 - DEBUG - Read 3138 bytes from git for file secretgenie-cli.sh
2025-08-13 13:12:13,160 - DEBUG - Scanning 93 lines in secretgenie-cli.sh
2025-08-13 13:12:13,165 - DEBUG - Completed scan of secretgenie-cli.sh, found 0 secrets
2025-08-13 13:12:13,165 - DEBUG - No secrets found in secretgenie-cli.sh
2025-08-13 13:12:13,165 - DEBUG - Starting scan of file: src/hooks/.commit-reports/repository-scan-report.html
2025-08-13 13:12:13,169 - DEBUG - Read 31625 bytes from git for file src/hooks/.commit-reports/repository-scan-report.html
2025-08-13 13:12:13,169 - DEBUG - Scanning 613 lines in src/hooks/.commit-reports/repository-scan-report.html
2025-08-13 13:12:13,203 - DEBUG - Completed scan of src/hooks/.commit-reports/repository-scan-report.html, found 0 secrets
2025-08-13 13:12:13,203 - DEBUG - No secrets found in src/hooks/.commit-reports/repository-scan-report.html
2025-08-13 13:12:13,204 - DEBUG - Starting scan of file: src/hooks/.commit-reports/scan-report.html
2025-08-13 13:12:13,207 - DEBUG - Read 8163 bytes from git for file src/hooks/.commit-reports/scan-report.html
2025-08-13 13:12:13,207 - DEBUG - Scanning 171 lines in src/hooks/.commit-reports/scan-report.html
2025-08-13 13:12:13,219 - DEBUG - Completed scan of src/hooks/.commit-reports/scan-report.html, found 0 secrets
2025-08-13 13:12:13,219 - DEBUG - No secrets found in src/hooks/.commit-reports/scan-report.html
2025-08-13 13:12:13,220 - DEBUG - Starting scan of file: src/hooks/.env.example
2025-08-13 13:12:13,223 - DEBUG - Read 367 bytes from git for file src/hooks/.env.example
2025-08-13 13:12:13,223 - DEBUG - Scanning 10 lines in src/hooks/.env.example
2025-08-13 13:12:13,224 - DEBUG - Completed scan of src/hooks/.env.example, found 0 secrets
2025-08-13 13:12:13,224 - DEBUG - No secrets found in src/hooks/.env.example
2025-08-13 13:12:13,225 - DEBUG - Starting scan of file: src/hooks/.env.sample
2025-08-13 13:12:13,229 - DEBUG - Read 1772 bytes from git for file src/hooks/.env.sample
2025-08-13 13:12:13,229 - DEBUG - Scanning 39 lines in src/hooks/.env.sample
2025-08-13 13:12:13,231 - DEBUG - Found secret in src/hooks/.env.sample at line 11: type=GitHub Personal Access Token
2025-08-13 13:12:13,231 - DEBUG - Found secret in src/hooks/.env.sample at line 12: type=GitHub Personal Access Token
2025-08-13 13:12:13,233 - DEBUG - Completed scan of src/hooks/.env.sample, found 2 secrets
2025-08-13 13:12:13,233 - DEBUG - Found 2 secrets in src/hooks/.env.sample
2025-08-13 13:12:13,233 - DEBUG - Starting scan of file: src/hooks/commit_scripts/__init__.py
2025-08-13 13:12:13,239 - DEBUG - Read 44 bytes from git for file src/hooks/commit_scripts/__init__.py
2025-08-13 13:12:13,239 - DEBUG - Scanning 1 lines in src/hooks/commit_scripts/__init__.py
2025-08-13 13:12:13,239 - DEBUG - Completed scan of src/hooks/commit_scripts/__init__.py, found 0 secrets
2025-08-13 13:12:13,239 - DEBUG - No secrets found in src/hooks/commit_scripts/__init__.py
2025-08-13 13:12:13,240 - DEBUG - Starting scan of file: src/hooks/commit_scripts/config.py
2025-08-13 13:12:13,244 - DEBUG - Read 10486 bytes from git for file src/hooks/commit_scripts/config.py
2025-08-13 13:12:13,244 - DEBUG - Scanning 228 lines in src/hooks/commit_scripts/config.py
2025-08-13 13:12:13,275 - DEBUG - Completed scan of src/hooks/commit_scripts/config.py, found 0 secrets
2025-08-13 13:12:13,275 - DEBUG - No secrets found in src/hooks/commit_scripts/config.py
2025-08-13 13:12:13,275 - DEBUG - Starting scan of file: src/hooks/commit_scripts/scan_config.py
2025-08-13 13:12:13,282 - DEBUG - Read 17958 bytes from git for file src/hooks/commit_scripts/scan_config.py
2025-08-13 13:12:13,283 - DEBUG - Scanning 489 lines in src/hooks/commit_scripts/scan_config.py
2025-08-13 13:12:13,341 - DEBUG - Completed scan of src/hooks/commit_scripts/scan_config.py, found 0 secrets
2025-08-13 13:12:13,341 - DEBUG - No secrets found in src/hooks/commit_scripts/scan_config.py
2025-08-13 13:12:13,342 - DEBUG - Starting scan of file: src/hooks/commit_scripts/secretscan.py
2025-08-13 13:12:13,346 - DEBUG - Read 56321 bytes from git for file src/hooks/commit_scripts/secretscan.py
2025-08-13 13:12:13,346 - DEBUG - Scanning 1221 lines in src/hooks/commit_scripts/secretscan.py
2025-08-13 13:12:13,411 - DEBUG - Completed scan of src/hooks/commit_scripts/secretscan.py, found 0 secrets
2025-08-13 13:12:13,411 - DEBUG - No secrets found in src/hooks/commit_scripts/secretscan.py
2025-08-13 13:12:13,412 - DEBUG - Starting scan of file: src/hooks/commit_scripts/templates/report.html
2025-08-13 13:12:13,416 - DEBUG - Read 11354 bytes from git for file src/hooks/commit_scripts/templates/report.html
2025-08-13 13:12:13,416 - DEBUG - Scanning 299 lines in src/hooks/commit_scripts/templates/report.html
2025-08-13 13:12:13,430 - DEBUG - Completed scan of src/hooks/commit_scripts/templates/report.html, found 0 secrets
2025-08-13 13:12:13,431 - DEBUG - No secrets found in src/hooks/commit_scripts/templates/report.html
2025-08-13 13:12:13,431 - DEBUG - Starting scan of file: src/hooks/commit_scripts/utils.py
2025-08-13 13:12:13,435 - DEBUG - Read 4839 bytes from git for file src/hooks/commit_scripts/utils.py
2025-08-13 13:12:13,435 - DEBUG - Scanning 136 lines in src/hooks/commit_scripts/utils.py
2025-08-13 13:12:13,441 - DEBUG - Completed scan of src/hooks/commit_scripts/utils.py, found 0 secrets
2025-08-13 13:12:13,441 - DEBUG - No secrets found in src/hooks/commit_scripts/utils.py
2025-08-13 13:12:13,441 - DEBUG - Starting scan of file: src/hooks/installation_tracker.py
2025-08-13 13:12:13,444 - DEBUG - Read 13441 bytes from git for file src/hooks/installation_tracker.py
2025-08-13 13:12:13,445 - DEBUG - Scanning 382 lines in src/hooks/installation_tracker.py
2025-08-13 13:12:13,450 - DEBUG - Found secret in src/hooks/installation_tracker.py at line 132: type=Generic Secret
2025-08-13 13:12:13,461 - DEBUG - Completed scan of src/hooks/installation_tracker.py, found 1 secrets
2025-08-13 13:12:13,461 - DEBUG - Found 1 secrets in src/hooks/installation_tracker.py
2025-08-13 13:12:13,462 - DEBUG - Starting scan of file: src/hooks/pre-push
2025-08-13 13:12:13,466 - DEBUG - Read 1059 bytes from git for file src/hooks/pre-push
2025-08-13 13:12:13,466 - DEBUG - Scanning 38 lines in src/hooks/pre-push
2025-08-13 13:12:13,467 - DEBUG - Completed scan of src/hooks/pre-push, found 0 secrets
2025-08-13 13:12:13,468 - DEBUG - No secrets found in src/hooks/pre-push
2025-08-13 13:12:13,468 - DEBUG - Starting scan of file: src/hooks/pre_push.py
2025-08-13 13:12:13,471 - DEBUG - Read 32858 bytes from git for file src/hooks/pre_push.py
2025-08-13 13:12:13,471 - DEBUG - Scanning 938 lines in src/hooks/pre_push.py
2025-08-13 13:12:13,510 - DEBUG - Completed scan of src/hooks/pre_push.py, found 0 secrets
2025-08-13 13:12:13,510 - DEBUG - No secrets found in src/hooks/pre_push.py
2025-08-13 13:12:13,511 - DEBUG - Starting scan of file: src/hooks/scan-config
2025-08-13 13:12:13,514 - DEBUG - Read 753 bytes from git for file src/hooks/scan-config
2025-08-13 13:12:13,515 - DEBUG - Scanning 26 lines in src/hooks/scan-config
2025-08-13 13:12:13,516 - DEBUG - Completed scan of src/hooks/scan-config, found 0 secrets
2025-08-13 13:12:13,517 - DEBUG - No secrets found in src/hooks/scan-config
2025-08-13 13:12:13,517 - DEBUG - Starting scan of file: src/hooks/secret-scan
2025-08-13 13:12:13,520 - DEBUG - Read 667 bytes from git for file src/hooks/secret-scan
2025-08-13 13:12:13,521 - DEBUG - Scanning 23 lines in src/hooks/secret-scan
2025-08-13 13:12:13,522 - DEBUG - Completed scan of src/hooks/secret-scan, found 0 secrets
2025-08-13 13:12:13,522 - DEBUG - No secrets found in src/hooks/secret-scan
2025-08-13 13:12:13,522 - DEBUG - Starting scan of file: src/main.py
2025-08-13 13:12:13,537 - DEBUG - Read 90462 bytes from git for file src/main.py
2025-08-13 13:12:13,537 - DEBUG - Scanning 2041 lines in src/main.py
2025-08-13 13:12:13,634 - DEBUG - Completed scan of src/main.py, found 0 secrets
2025-08-13 13:12:13,634 - DEBUG - No secrets found in src/main.py
2025-08-13 13:12:13,635 - DEBUG - Starting scan of file: src/ui/main.html
2025-08-13 13:12:13,638 - DEBUG - Read 579 bytes from git for file src/ui/main.html
2025-08-13 13:12:13,638 - DEBUG - Scanning 21 lines in src/ui/main.html
2025-08-13 13:12:13,639 - DEBUG - Completed scan of src/ui/main.html, found 0 secrets
2025-08-13 13:12:13,639 - DEBUG - No secrets found in src/ui/main.html
2025-08-13 13:12:13,640 - DEBUG - Starting scan of file: src/ui/script.js
2025-08-13 13:12:13,642 - DEBUG - Read 60 bytes from git for file src/ui/script.js
2025-08-13 13:12:13,643 - DEBUG - Scanning 3 lines in src/ui/script.js
2025-08-13 13:12:13,643 - DEBUG - Completed scan of src/ui/script.js, found 0 secrets
2025-08-13 13:12:13,643 - DEBUG - No secrets found in src/ui/script.js
2025-08-13 13:12:13,643 - DEBUG - Starting scan of file: src/ui/styles.css
2025-08-13 13:12:13,646 - DEBUG - Read 1261 bytes from git for file src/ui/styles.css
2025-08-13 13:12:13,646 - DEBUG - Scanning 71 lines in src/ui/styles.css
2025-08-13 13:12:13,649 - DEBUG - Completed scan of src/ui/styles.css, found 0 secrets
2025-08-13 13:12:13,649 - DEBUG - No secrets found in src/ui/styles.css
2025-08-13 13:12:13,649 - DEBUG - Starting scan of file: src/ui/welcome.html
2025-08-13 13:12:13,652 - DEBUG - Read 1217 bytes from git for file src/ui/welcome.html
2025-08-13 13:12:13,652 - DEBUG - Scanning 35 lines in src/ui/welcome.html
2025-08-13 13:12:13,654 - DEBUG - Completed scan of src/ui/welcome.html, found 0 secrets
2025-08-13 13:12:13,654 - DEBUG - No secrets found in src/ui/welcome.html
2025-08-13 13:12:13,654 - DEBUG - Starting scan of file: zip_chunker/merge.py
2025-08-13 13:12:13,658 - DEBUG - Read 727 bytes from git for file zip_chunker/merge.py
2025-08-13 13:12:13,658 - DEBUG - Scanning 15 lines in zip_chunker/merge.py
2025-08-13 13:12:13,659 - DEBUG - Completed scan of zip_chunker/merge.py, found 0 secrets
2025-08-13 13:12:13,659 - DEBUG - No secrets found in zip_chunker/merge.py
2025-08-13 13:12:13,659 - DEBUG - Starting scan of file: zip_chunker/split.py
2025-08-13 13:12:13,662 - DEBUG - Read 562 bytes from git for file zip_chunker/split.py
2025-08-13 13:12:13,662 - DEBUG - Scanning 17 lines in zip_chunker/split.py
2025-08-13 13:12:13,664 - DEBUG - Completed scan of zip_chunker/split.py, found 0 secrets
2025-08-13 13:12:13,664 - DEBUG - No secrets found in zip_chunker/split.py
2025-08-13 13:12:13,664 - DEBUG - Repository scan returned 3 secrets
2025-08-13 13:12:13,664 - DEBUG - Before report generation: repo_results=3, diff_results=0
2025-08-13 13:12:13,664 - INFO - Generating HTML report with 0 diff secrets and 3 repo secrets
2025-08-13 13:12:13,664 - DEBUG - Raw diff_secrets count: 0
2025-08-13 13:12:13,664 - DEBUG - Raw repo_secrets count: 3
2025-08-13 13:12:13,665 - DEBUG - Repository secrets summary:
2025-08-13 13:12:13,665 - DEBUG -   - src/hooks/.env.sample: 2 secrets
2025-08-13 13:12:13,665 - DEBUG -   - src/hooks/installation_tracker.py: 1 secrets
2025-08-13 13:12:13,665 - DEBUG - After deduplication: 0 diff secrets, 3 repo secrets
2025-08-13 13:12:13,676 - DEBUG - Generated 0 diff secret table rows
2025-08-13 13:12:13,676 - DEBUG - Generated 3 repo secret table rows
2025-08-13 13:12:13,677 - ERROR - Error generating HTML report: [Errno 2] No such file or directory: ''
Traceback (most recent call last):
  File "/home/rishikesh/Desktop/Genie-NoAI/src/hooks/commit_scripts/secretscan.py", line 1028, in generate_html_report
    os.makedirs(output_dir)
  File "<frozen os>", line 225, in makedirs
FileNotFoundError: [Errno 2] No such file or directory: ''
2025-08-13 13:32:56,538 - INFO - Scanning entire repository...
2025-08-13 13:32:56,538 - INFO - Starting repository scan
2025-08-13 13:32:56,541 - INFO - Found 52 tracked files in repository
2025-08-13 13:32:56,544 - DEBUG - Skipping excluded file: src/assets/logo.ico
2025-08-13 13:32:56,544 - DEBUG - Skipping excluded file: src/assets/logo.png
2025-08-13 13:32:56,544 - DEBUG - Skipping excluded file: src/hooks/commit_scripts/exclusions.json
2025-08-13 13:32:56,544 - DEBUG - Skipping excluded file: src/hooks/commit_scripts/exclusions.yaml
2025-08-13 13:32:56,545 - DEBUG - Skipping excluded file: src/tracking/installations.csv
2025-08-13 13:32:56,545 - DEBUG - Skipping excluded file: test/test.py
2025-08-13 13:32:56,545 - DEBUG - Skipping excluded file: test_exclusions.py
2025-08-13 13:32:56,545 - INFO - After filtering, scanning 45 files
2025-08-13 13:32:56,546 - DEBUG - Starting scan of file: .DS_Store
2025-08-13 13:32:56,549 - ERROR - Error scanning file .DS_Store: 'utf-8' codec can't decode byte 0x80 in position 3131: invalid start byte
2025-08-13 13:32:56,549 - DEBUG - Starting scan of file: .gitignore
2025-08-13 13:32:56,552 - DEBUG - Read 217 bytes from git for file .gitignore
2025-08-13 13:32:56,552 - DEBUG - Scanning 17 lines in .gitignore
2025-08-13 13:32:56,555 - DEBUG - Completed scan of .gitignore, found 0 secrets
2025-08-13 13:32:56,556 - DEBUG - No secrets found in .gitignore
2025-08-13 13:32:56,556 - DEBUG - Starting scan of file: README.md
2025-08-13 13:32:56,560 - DEBUG - Read 5636 bytes from git for file README.md
2025-08-13 13:32:56,561 - DEBUG - Scanning 231 lines in README.md
2025-08-13 13:32:56,567 - DEBUG - Completed scan of README.md, found 0 secrets
2025-08-13 13:32:56,568 - DEBUG - No secrets found in README.md
2025-08-13 13:32:56,568 - DEBUG - Starting scan of file: USER_GUIDE.md
2025-08-13 13:32:56,571 - DEBUG - Read 8176 bytes from git for file USER_GUIDE.md
2025-08-13 13:32:56,571 - DEBUG - Scanning 362 lines in USER_GUIDE.md
2025-08-13 13:32:56,581 - DEBUG - Completed scan of USER_GUIDE.md, found 0 secrets
2025-08-13 13:32:56,581 - DEBUG - No secrets found in USER_GUIDE.md
2025-08-13 13:32:56,582 - DEBUG - Starting scan of file: build.bat
2025-08-13 13:32:56,585 - DEBUG - Read 1652 bytes from git for file build.bat
2025-08-13 13:32:56,585 - DEBUG - Scanning 52 lines in build.bat
2025-08-13 13:32:56,587 - DEBUG - Completed scan of build.bat, found 0 secrets
2025-08-13 13:32:56,587 - DEBUG - No secrets found in build.bat
2025-08-13 13:32:56,587 - DEBUG - Starting scan of file: build.sh
2025-08-13 13:32:56,591 - DEBUG - Read 3200 bytes from git for file build.sh
2025-08-13 13:32:56,591 - DEBUG - Scanning 86 lines in build.sh
2025-08-13 13:32:56,595 - DEBUG - Completed scan of build.sh, found 0 secrets
2025-08-13 13:32:56,595 - DEBUG - No secrets found in build.sh
2025-08-13 13:32:56,595 - DEBUG - Starting scan of file: create_distribution.bat
2025-08-13 13:32:56,598 - DEBUG - Read 1145 bytes from git for file create_distribution.bat
2025-08-13 13:32:56,598 - DEBUG - Scanning 32 lines in create_distribution.bat
2025-08-13 13:32:56,599 - DEBUG - Completed scan of create_distribution.bat, found 0 secrets
2025-08-13 13:32:56,599 - DEBUG - No secrets found in create_distribution.bat
2025-08-13 13:32:56,600 - DEBUG - Starting scan of file: file_version_info.txt
2025-08-13 13:32:56,603 - DEBUG - Read 851 bytes from git for file file_version_info.txt
2025-08-13 13:32:56,603 - DEBUG - Scanning 29 lines in file_version_info.txt
2025-08-13 13:32:56,604 - DEBUG - Completed scan of file_version_info.txt, found 0 secrets
2025-08-13 13:32:56,604 - DEBUG - No secrets found in file_version_info.txt
2025-08-13 13:32:56,604 - DEBUG - Starting scan of file: generate_spec.py
2025-08-13 13:32:56,608 - DEBUG - Read 2907 bytes from git for file generate_spec.py
2025-08-13 13:32:56,609 - DEBUG - Scanning 101 lines in generate_spec.py
2025-08-13 13:32:56,613 - DEBUG - Completed scan of generate_spec.py, found 0 secrets
2025-08-13 13:32:56,614 - DEBUG - No secrets found in generate_spec.py
2025-08-13 13:32:56,614 - DEBUG - Starting scan of file: genie-hsbc.spec
2025-08-13 13:32:56,617 - DEBUG - Read 2076 bytes from git for file genie-hsbc.spec
2025-08-13 13:32:56,617 - DEBUG - Scanning 68 lines in genie-hsbc.spec
2025-08-13 13:32:56,620 - DEBUG - Completed scan of genie-hsbc.spec, found 0 secrets
2025-08-13 13:32:56,620 - DEBUG - No secrets found in genie-hsbc.spec
2025-08-13 13:32:56,621 - DEBUG - Starting scan of file: genie.spec
2025-08-13 13:32:56,624 - DEBUG - Read 1908 bytes from git for file genie.spec
2025-08-13 13:32:56,625 - DEBUG - Scanning 67 lines in genie.spec
2025-08-13 13:32:56,629 - DEBUG - Completed scan of genie.spec, found 0 secrets
2025-08-13 13:32:56,629 - DEBUG - No secrets found in genie.spec
2025-08-13 13:32:56,629 - DEBUG - Starting scan of file: gitignore
2025-08-13 13:32:56,632 - DEBUG - Read 77 bytes from git for file gitignore
2025-08-13 13:32:56,633 - DEBUG - Scanning 8 lines in gitignore
2025-08-13 13:32:56,633 - DEBUG - Completed scan of gitignore, found 0 secrets
2025-08-13 13:32:56,633 - DEBUG - No secrets found in gitignore
2025-08-13 13:32:56,633 - DEBUG - Starting scan of file: package.py
2025-08-13 13:32:56,636 - DEBUG - Read 6860 bytes from git for file package.py
2025-08-13 13:32:56,636 - DEBUG - Scanning 202 lines in package.py
2025-08-13 13:32:56,647 - DEBUG - Completed scan of package.py, found 0 secrets
2025-08-13 13:32:56,647 - DEBUG - No secrets found in package.py
2025-08-13 13:32:56,648 - DEBUG - Starting scan of file: requirements.txt
2025-08-13 13:32:56,654 - DEBUG - Read 87 bytes from git for file requirements.txt
2025-08-13 13:32:56,654 - DEBUG - Scanning 6 lines in requirements.txt
2025-08-13 13:32:56,655 - DEBUG - Completed scan of requirements.txt, found 0 secrets
2025-08-13 13:32:56,655 - DEBUG - No secrets found in requirements.txt
2025-08-13 13:32:56,655 - DEBUG - Starting scan of file: run_scanner.py
2025-08-13 13:32:56,664 - DEBUG - Read 1720 bytes from git for file run_scanner.py
2025-08-13 13:32:56,664 - DEBUG - Scanning 56 lines in run_scanner.py
2025-08-13 13:32:56,670 - DEBUG - Completed scan of run_scanner.py, found 0 secrets
2025-08-13 13:32:56,671 - DEBUG - No secrets found in run_scanner.py
2025-08-13 13:32:56,671 - DEBUG - Starting scan of file: runtime_hook.py
2025-08-13 13:32:56,680 - DEBUG - Read 553 bytes from git for file runtime_hook.py
2025-08-13 13:32:56,680 - DEBUG - Scanning 20 lines in runtime_hook.py
2025-08-13 13:32:56,683 - DEBUG - Completed scan of runtime_hook.py, found 0 secrets
2025-08-13 13:32:56,683 - DEBUG - No secrets found in runtime_hook.py
2025-08-13 13:32:56,683 - DEBUG - Starting scan of file: secretgenie-cli.bat
2025-08-13 13:32:56,692 - DEBUG - Read 1912 bytes from git for file secretgenie-cli.bat
2025-08-13 13:32:56,693 - DEBUG - Scanning 69 lines in secretgenie-cli.bat
2025-08-13 13:32:56,699 - DEBUG - Completed scan of secretgenie-cli.bat, found 0 secrets
2025-08-13 13:32:56,699 - DEBUG - No secrets found in secretgenie-cli.bat
2025-08-13 13:32:56,700 - DEBUG - Starting scan of file: secretgenie-cli.ps1
2025-08-13 13:32:56,708 - DEBUG - Read 2642 bytes from git for file secretgenie-cli.ps1
2025-08-13 13:32:56,708 - DEBUG - Scanning 73 lines in secretgenie-cli.ps1
2025-08-13 13:32:56,716 - DEBUG - Completed scan of secretgenie-cli.ps1, found 0 secrets
2025-08-13 13:32:56,716 - DEBUG - No secrets found in secretgenie-cli.ps1
2025-08-13 13:32:56,717 - DEBUG - Starting scan of file: secretgenie-cli.sh
2025-08-13 13:32:56,723 - DEBUG - Read 3138 bytes from git for file secretgenie-cli.sh
2025-08-13 13:32:56,724 - DEBUG - Scanning 93 lines in secretgenie-cli.sh
2025-08-13 13:32:56,733 - DEBUG - Completed scan of secretgenie-cli.sh, found 0 secrets
2025-08-13 13:32:56,733 - DEBUG - No secrets found in secretgenie-cli.sh
2025-08-13 13:32:56,734 - DEBUG - Starting scan of file: src/.DS_Store
2025-08-13 13:32:56,741 - ERROR - Error scanning file src/.DS_Store: 'utf-8' codec can't decode byte 0x8b in position 555: invalid start byte
2025-08-13 13:32:56,742 - DEBUG - Starting scan of file: src/assets/.DS_Store
2025-08-13 13:32:56,747 - ERROR - Error scanning file src/assets/.DS_Store: 'utf-8' codec can't decode byte 0x80 in position 3131: invalid start byte
2025-08-13 13:32:56,748 - DEBUG - Starting scan of file: src/assets/logo.icns
2025-08-13 13:32:56,753 - ERROR - Error scanning file src/assets/logo.icns: 'utf-8' codec can't decode byte 0xaa in position 6: invalid start byte
2025-08-13 13:32:56,753 - DEBUG - Starting scan of file: src/hooks/.commit-reports/repository-scan-report.html
2025-08-13 13:32:56,759 - DEBUG - Read 31625 bytes from git for file src/hooks/.commit-reports/repository-scan-report.html
2025-08-13 13:32:56,760 - DEBUG - Scanning 613 lines in src/hooks/.commit-reports/repository-scan-report.html
2025-08-13 13:32:56,828 - DEBUG - Completed scan of src/hooks/.commit-reports/repository-scan-report.html, found 0 secrets
2025-08-13 13:32:56,828 - DEBUG - No secrets found in src/hooks/.commit-reports/repository-scan-report.html
2025-08-13 13:32:56,829 - DEBUG - Starting scan of file: src/hooks/.commit-reports/scan-report.html
2025-08-13 13:32:56,834 - DEBUG - Read 8163 bytes from git for file src/hooks/.commit-reports/scan-report.html
2025-08-13 13:32:56,835 - DEBUG - Scanning 171 lines in src/hooks/.commit-reports/scan-report.html
2025-08-13 13:32:56,853 - DEBUG - Completed scan of src/hooks/.commit-reports/scan-report.html, found 0 secrets
2025-08-13 13:32:56,853 - DEBUG - No secrets found in src/hooks/.commit-reports/scan-report.html
2025-08-13 13:32:56,854 - DEBUG - Starting scan of file: src/hooks/.env.example
2025-08-13 13:32:56,859 - DEBUG - Read 367 bytes from git for file src/hooks/.env.example
2025-08-13 13:32:56,859 - DEBUG - Scanning 10 lines in src/hooks/.env.example
2025-08-13 13:32:56,861 - DEBUG - Completed scan of src/hooks/.env.example, found 0 secrets
2025-08-13 13:32:56,861 - DEBUG - No secrets found in src/hooks/.env.example
2025-08-13 13:32:56,861 - DEBUG - Starting scan of file: src/hooks/.env.sample
2025-08-13 13:32:56,866 - DEBUG - Read 1772 bytes from git for file src/hooks/.env.sample
2025-08-13 13:32:56,866 - DEBUG - Scanning 39 lines in src/hooks/.env.sample
2025-08-13 13:32:56,868 - DEBUG - Found secret in src/hooks/.env.sample at line 11: type=GitHub Personal Access Token
2025-08-13 13:32:56,868 - DEBUG - Found secret in src/hooks/.env.sample at line 12: type=GitHub Personal Access Token
2025-08-13 13:32:56,871 - DEBUG - Completed scan of src/hooks/.env.sample, found 2 secrets
2025-08-13 13:32:56,872 - DEBUG - Found 2 secrets in src/hooks/.env.sample
2025-08-13 13:32:56,872 - DEBUG - Starting scan of file: src/hooks/commit_scripts/__init__.py
2025-08-13 13:32:56,879 - DEBUG - Read 44 bytes from git for file src/hooks/commit_scripts/__init__.py
2025-08-13 13:32:56,880 - DEBUG - Scanning 1 lines in src/hooks/commit_scripts/__init__.py
2025-08-13 13:32:56,880 - DEBUG - Completed scan of src/hooks/commit_scripts/__init__.py, found 0 secrets
2025-08-13 13:32:56,880 - DEBUG - No secrets found in src/hooks/commit_scripts/__init__.py
2025-08-13 13:32:56,881 - DEBUG - Starting scan of file: src/hooks/commit_scripts/config.py
2025-08-13 13:32:56,887 - DEBUG - Read 10486 bytes from git for file src/hooks/commit_scripts/config.py
2025-08-13 13:32:56,887 - DEBUG - Scanning 228 lines in src/hooks/commit_scripts/config.py
2025-08-13 13:32:56,908 - DEBUG - Completed scan of src/hooks/commit_scripts/config.py, found 0 secrets
2025-08-13 13:32:56,909 - DEBUG - No secrets found in src/hooks/commit_scripts/config.py
2025-08-13 13:32:56,909 - DEBUG - Starting scan of file: src/hooks/commit_scripts/scan_config.py
2025-08-13 13:32:56,914 - DEBUG - Read 17958 bytes from git for file src/hooks/commit_scripts/scan_config.py
2025-08-13 13:32:56,914 - DEBUG - Scanning 489 lines in src/hooks/commit_scripts/scan_config.py
2025-08-13 13:32:56,939 - DEBUG - Completed scan of src/hooks/commit_scripts/scan_config.py, found 0 secrets
2025-08-13 13:32:56,940 - DEBUG - No secrets found in src/hooks/commit_scripts/scan_config.py
2025-08-13 13:32:56,940 - DEBUG - Starting scan of file: src/hooks/commit_scripts/secretscan.log
2025-08-13 13:32:56,944 - DEBUG - Read 1061 bytes from git for file src/hooks/commit_scripts/secretscan.log
2025-08-13 13:32:56,945 - DEBUG - Scanning 10 lines in src/hooks/commit_scripts/secretscan.log
2025-08-13 13:32:56,946 - DEBUG - Completed scan of src/hooks/commit_scripts/secretscan.log, found 0 secrets
2025-08-13 13:32:56,946 - DEBUG - No secrets found in src/hooks/commit_scripts/secretscan.log
2025-08-13 13:32:56,946 - DEBUG - Starting scan of file: src/hooks/commit_scripts/secretscan.py
2025-08-13 13:32:56,950 - DEBUG - Read 56321 bytes from git for file src/hooks/commit_scripts/secretscan.py
2025-08-13 13:32:56,950 - DEBUG - Scanning 1221 lines in src/hooks/commit_scripts/secretscan.py
2025-08-13 13:32:57,010 - DEBUG - Completed scan of src/hooks/commit_scripts/secretscan.py, found 0 secrets
2025-08-13 13:32:57,011 - DEBUG - No secrets found in src/hooks/commit_scripts/secretscan.py
2025-08-13 13:32:57,011 - DEBUG - Starting scan of file: src/hooks/commit_scripts/templates/report.html
2025-08-13 13:32:57,014 - DEBUG - Read 11354 bytes from git for file src/hooks/commit_scripts/templates/report.html
2025-08-13 13:32:57,014 - DEBUG - Scanning 299 lines in src/hooks/commit_scripts/templates/report.html
2025-08-13 13:32:57,030 - DEBUG - Completed scan of src/hooks/commit_scripts/templates/report.html, found 0 secrets
2025-08-13 13:32:57,030 - DEBUG - No secrets found in src/hooks/commit_scripts/templates/report.html
2025-08-13 13:32:57,030 - DEBUG - Starting scan of file: src/hooks/commit_scripts/utils.py
2025-08-13 13:32:57,033 - DEBUG - Read 4839 bytes from git for file src/hooks/commit_scripts/utils.py
2025-08-13 13:32:57,033 - DEBUG - Scanning 136 lines in src/hooks/commit_scripts/utils.py
2025-08-13 13:32:57,039 - DEBUG - Completed scan of src/hooks/commit_scripts/utils.py, found 0 secrets
2025-08-13 13:32:57,039 - DEBUG - No secrets found in src/hooks/commit_scripts/utils.py
2025-08-13 13:32:57,039 - DEBUG - Starting scan of file: src/hooks/installation_tracker.py
2025-08-13 13:32:57,043 - DEBUG - Read 13441 bytes from git for file src/hooks/installation_tracker.py
2025-08-13 13:32:57,044 - DEBUG - Scanning 382 lines in src/hooks/installation_tracker.py
2025-08-13 13:32:57,049 - DEBUG - Found secret in src/hooks/installation_tracker.py at line 132: type=Generic Secret
2025-08-13 13:32:57,060 - DEBUG - Completed scan of src/hooks/installation_tracker.py, found 1 secrets
2025-08-13 13:32:57,060 - DEBUG - Found 1 secrets in src/hooks/installation_tracker.py
2025-08-13 13:32:57,060 - DEBUG - Starting scan of file: src/hooks/pre-push
2025-08-13 13:32:57,064 - DEBUG - Read 1059 bytes from git for file src/hooks/pre-push
2025-08-13 13:32:57,064 - DEBUG - Scanning 38 lines in src/hooks/pre-push
2025-08-13 13:32:57,066 - DEBUG - Completed scan of src/hooks/pre-push, found 0 secrets
2025-08-13 13:32:57,066 - DEBUG - No secrets found in src/hooks/pre-push
2025-08-13 13:32:57,066 - DEBUG - Starting scan of file: src/hooks/pre_push.py
2025-08-13 13:32:57,069 - DEBUG - Read 32858 bytes from git for file src/hooks/pre_push.py
2025-08-13 13:32:57,069 - DEBUG - Scanning 938 lines in src/hooks/pre_push.py
2025-08-13 13:32:57,110 - DEBUG - Completed scan of src/hooks/pre_push.py, found 0 secrets
2025-08-13 13:32:57,110 - DEBUG - No secrets found in src/hooks/pre_push.py
2025-08-13 13:32:57,110 - DEBUG - Starting scan of file: src/hooks/scan-config
2025-08-13 13:32:57,114 - DEBUG - Read 753 bytes from git for file src/hooks/scan-config
2025-08-13 13:32:57,114 - DEBUG - Scanning 26 lines in src/hooks/scan-config
2025-08-13 13:32:57,115 - DEBUG - Completed scan of src/hooks/scan-config, found 0 secrets
2025-08-13 13:32:57,115 - DEBUG - No secrets found in src/hooks/scan-config
2025-08-13 13:32:57,115 - DEBUG - Starting scan of file: src/hooks/secret-scan
2025-08-13 13:32:57,118 - DEBUG - Read 667 bytes from git for file src/hooks/secret-scan
2025-08-13 13:32:57,118 - DEBUG - Scanning 23 lines in src/hooks/secret-scan
2025-08-13 13:32:57,119 - DEBUG - Completed scan of src/hooks/secret-scan, found 0 secrets
2025-08-13 13:32:57,119 - DEBUG - No secrets found in src/hooks/secret-scan
2025-08-13 13:32:57,119 - DEBUG - Starting scan of file: src/main.py
2025-08-13 13:32:57,124 - DEBUG - Read 90462 bytes from git for file src/main.py
2025-08-13 13:32:57,124 - DEBUG - Scanning 2041 lines in src/main.py
2025-08-13 13:32:57,237 - DEBUG - Completed scan of src/main.py, found 0 secrets
2025-08-13 13:32:57,237 - DEBUG - No secrets found in src/main.py
2025-08-13 13:32:57,238 - DEBUG - Starting scan of file: src/ui/main.html
2025-08-13 13:32:57,241 - DEBUG - Read 579 bytes from git for file src/ui/main.html
2025-08-13 13:32:57,242 - DEBUG - Scanning 21 lines in src/ui/main.html
2025-08-13 13:32:57,243 - DEBUG - Completed scan of src/ui/main.html, found 0 secrets
2025-08-13 13:32:57,243 - DEBUG - No secrets found in src/ui/main.html
2025-08-13 13:32:57,243 - DEBUG - Starting scan of file: src/ui/script.js
2025-08-13 13:32:57,247 - DEBUG - Read 60 bytes from git for file src/ui/script.js
2025-08-13 13:32:57,247 - DEBUG - Scanning 3 lines in src/ui/script.js
2025-08-13 13:32:57,247 - DEBUG - Completed scan of src/ui/script.js, found 0 secrets
2025-08-13 13:32:57,247 - DEBUG - No secrets found in src/ui/script.js
2025-08-13 13:32:57,247 - DEBUG - Starting scan of file: src/ui/styles.css
2025-08-13 13:32:57,250 - DEBUG - Read 1261 bytes from git for file src/ui/styles.css
2025-08-13 13:32:57,250 - DEBUG - Scanning 71 lines in src/ui/styles.css
2025-08-13 13:32:57,253 - DEBUG - Completed scan of src/ui/styles.css, found 0 secrets
2025-08-13 13:32:57,253 - DEBUG - No secrets found in src/ui/styles.css
2025-08-13 13:32:57,253 - DEBUG - Starting scan of file: src/ui/welcome.html
2025-08-13 13:32:57,256 - DEBUG - Read 1217 bytes from git for file src/ui/welcome.html
2025-08-13 13:32:57,256 - DEBUG - Scanning 35 lines in src/ui/welcome.html
2025-08-13 13:32:57,259 - DEBUG - Completed scan of src/ui/welcome.html, found 0 secrets
2025-08-13 13:32:57,259 - DEBUG - No secrets found in src/ui/welcome.html
2025-08-13 13:32:57,259 - DEBUG - Starting scan of file: zip_chunker/merge.py
2025-08-13 13:32:57,262 - DEBUG - Read 727 bytes from git for file zip_chunker/merge.py
2025-08-13 13:32:57,262 - DEBUG - Scanning 15 lines in zip_chunker/merge.py
2025-08-13 13:32:57,263 - DEBUG - Completed scan of zip_chunker/merge.py, found 0 secrets
2025-08-13 13:32:57,263 - DEBUG - No secrets found in zip_chunker/merge.py
2025-08-13 13:32:57,264 - DEBUG - Starting scan of file: zip_chunker/split.py
2025-08-13 13:32:57,267 - DEBUG - Read 562 bytes from git for file zip_chunker/split.py
2025-08-13 13:32:57,267 - DEBUG - Scanning 17 lines in zip_chunker/split.py
2025-08-13 13:32:57,268 - DEBUG - Completed scan of zip_chunker/split.py, found 0 secrets
2025-08-13 13:32:57,268 - DEBUG - No secrets found in zip_chunker/split.py
2025-08-13 13:32:57,268 - DEBUG - Repository scan returned 3 secrets
2025-08-13 13:32:57,268 - DEBUG - Before report generation: repo_results=3, diff_results=0
2025-08-13 13:32:57,268 - INFO - Generating HTML report with 0 diff secrets and 3 repo secrets
2025-08-13 13:32:57,268 - DEBUG - Raw diff_secrets count: 0
2025-08-13 13:32:57,268 - DEBUG - Raw repo_secrets count: 3
2025-08-13 13:32:57,268 - DEBUG - Repository secrets summary:
2025-08-13 13:32:57,269 - DEBUG -   - src/hooks/.env.sample: 2 secrets
2025-08-13 13:32:57,269 - DEBUG -   - src/hooks/installation_tracker.py: 1 secrets
2025-08-13 13:32:57,269 - DEBUG - After deduplication: 0 diff secrets, 3 repo secrets
2025-08-13 13:32:57,283 - DEBUG - Generated 0 diff secret table rows
2025-08-13 13:32:57,284 - DEBUG - Generated 3 repo secret table rows
2025-08-13 13:32:57,284 - ERROR - Error generating HTML report: [Errno 2] No such file or directory: ''
Traceback (most recent call last):
  File "/home/rishikesh/Desktop/Genie-NoAI/src/hooks/commit_scripts/secretscan.py", line 1028, in generate_html_report
    os.makedirs(output_dir)
  File "<frozen os>", line 225, in makedirs
FileNotFoundError: [Errno 2] No such file or directory: ''
