2025-03-13 12:10:40,978 - ERROR - Error scanning file .DS_Store: 'utf-8' codec can't decode byte 0xff in position 1070: invalid start byte
2025-03-13 12:10:40,978 - DEBUG - Scanning content for file: requirements.txt with line offset: 0
2025-03-13 12:10:40,979 - DEBUG - Scanning content for file: README.md with line offset: 0
2025-03-13 12:10:40,979 - DEBUG - Scanning content for file: package.py with line offset: 0
2025-03-13 12:10:40,980 - DEBUG - Scanning content for file: build.py with line offset: 0
2025-03-13 12:10:41,119 - ERROR - Error scanning file src/.DS_Store: 'utf-8' codec can't decode byte 0x8b in position 555: invalid start byte
2025-03-13 12:10:41,120 - DEBUG - Scanning content for file: src/hooks/commit-scripts/config.py with line offset: 0
2025-03-13 12:10:41,120 - DEBUG - Scanning content for file: src/hooks/commit-scripts/secretscan.log with line offset: 0
2025-03-13 12:10:41,122 - DEBUG - Scanning content for file: src/hooks/commit-scripts/secretscan.py with line offset: 0
2025-03-13 12:10:41,122 - ERROR - Error scanning file src/assets/.DS_Store: 'utf-8' codec can't decode byte 0x80 in position 3131: invalid start byte
2025-03-13 12:10:41,249 - DEBUG - Scanning content for file: src/hooks/commit-scripts/utils.py with line offset: 0
2025-03-13 12:10:41,251 - DEBUG - Scanning content for file: src/hooks/commit-scripts/templates/report.html with line offset: 0
2025-03-13 12:10:41,252 - DEBUG - Scanning content for file: src/hooks/scan-repo with line offset: 0
2025-03-13 12:10:41,254 - DEBUG - Scanning content for file: src/hooks/pre-commit with line offset: 0
2025-03-13 12:10:41,254 - DEBUG - Scanning content for file: src/hooks/post-commit with line offset: 0
2025-03-13 12:10:41,376 - DEBUG - Scanning content for file: src/ui/main.html with line offset: 0
2025-03-13 12:10:41,379 - DEBUG - Scanning content for file: src/main.py with line offset: 0
2025-03-13 12:10:41,379 - DEBUG - Scanning content for file: src/ui/styles.css with line offset: 0
2025-03-13 12:10:41,382 - DEBUG - Scanning content for file: src/ui/welcome.html with line offset: 0
2025-03-13 12:10:41,382 - DEBUG - Scanning content for file: src/ui/script.js with line offset: 0
2025-03-13 12:10:41,478 - DEBUG - Scanning content for file: Genie-Secrets.spec with line offset: 0
2025-03-13 17:37:50,489 - ERROR - Error scanning file .DS_Store: 'utf-8' codec can't decode byte 0xff in position 1070: invalid start byte
2025-03-13 17:37:50,491 - DEBUG - Scanning content for file: README.md with line offset: 0
2025-03-13 17:37:50,491 - DEBUG - Scanning content for file: build.py with line offset: 0
2025-03-13 17:37:50,494 - DEBUG - Scanning content for file: Genie-Secrets.spec with line offset: 0
2025-03-13 17:37:50,494 - DEBUG - Scanning content for file: .gitignore with line offset: 0
2025-03-13 17:37:50,594 - DEBUG - Scanning content for file: build_windows.py with line offset: 0
2025-03-13 17:37:50,595 - DEBUG - Scanning content for file: package.py with line offset: 0
2025-03-13 17:37:50,596 - DEBUG - Scanning content for file: requirements.txt with line offset: 0
2025-03-13 17:37:50,596 - DEBUG - Scanning content for file: secretscan.log with line offset: 0
2025-03-13 17:37:50,597 - ERROR - Error scanning file src/.DS_Store: 'utf-8' codec can't decode byte 0x8b in position 555: invalid start byte
2025-03-13 17:37:50,724 - ERROR - Error scanning file src/assets/.DS_Store: 'utf-8' codec can't decode byte 0x80 in position 3131: invalid start byte
2025-03-13 17:37:50,727 - DEBUG - Scanning content for file: src/hooks/commit-scripts/config.py with line offset: 0
2025-03-13 17:37:50,727 - DEBUG - Scanning content for file: src/hooks/commit-scripts/templates/report.html with line offset: 0
2025-03-13 17:37:50,728 - DEBUG - Scanning content for file: src/hooks/commit-scripts/secretscan.py with line offset: 0
2025-03-13 17:37:50,728 - DEBUG - Scanning content for file: src/hooks/commit-scripts/secretscan.log with line offset: 0
2025-03-13 17:37:50,818 - DEBUG - Scanning content for file: src/hooks/commit-scripts/utils.py with line offset: 0
2025-03-13 17:37:50,821 - DEBUG - Scanning content for file: src/main.py with line offset: 0
2025-03-13 17:37:50,821 - DEBUG - Scanning content for file: src/hooks/post-commit with line offset: 0
2025-03-13 17:37:50,823 - DEBUG - Scanning content for file: src/hooks/pre-commit with line offset: 0
2025-03-13 17:37:50,823 - DEBUG - Scanning content for file: src/hooks/scan-repo with line offset: 0
2025-03-13 17:37:50,915 - DEBUG - Scanning content for file: src/ui/main.html with line offset: 0
2025-03-13 17:37:50,916 - DEBUG - Scanning content for file: src/ui/script.js with line offset: 0
2025-03-13 17:37:50,917 - DEBUG - Scanning content for file: src/ui/styles.css with line offset: 0
2025-03-13 18:00:29,836 - DEBUG - Scanning content for file: src/hooks/pre-commit with line offset: 4
2025-03-13 18:00:59,402 - DEBUG - Scanning content for file: secretscan.log with line offset: 44
2025-03-13 18:00:59,404 - DEBUG - Scanning content for file: src/hooks/pre-commit with line offset: 4
2025-03-13 18:03:49,114 - DEBUG - Scanning content for file: secretscan.log with line offset: 44
2025-03-13 18:03:49,116 - DEBUG - Scanning content for file: src/hooks/pre-commit with line offset: 4
2025-03-13 18:11:29,491 - DEBUG - Scanning content for file: secretscan.log with line offset: 44
2025-03-13 18:11:29,492 - DEBUG - Scanning content for file: src/hooks/pre-commit with line offset: 4
2025-03-13 19:03:00,647 - ERROR - Error scanning file .DS_Store: 'utf-8' codec can't decode byte 0xff in position 1070: invalid start byte
2025-03-13 19:03:01,821 - ERROR - Error scanning file src/.DS_Store: 'utf-8' codec can't decode byte 0x8b in position 555: invalid start byte
2025-03-13 19:03:01,822 - ERROR - Error scanning file src/assets/.DS_Store: 'utf-8' codec can't decode byte 0x80 in position 3131: invalid start byte
2025-03-13 19:03:01,823 - ERROR - Error scanning file src/assets/logo.png: 'utf-8' codec can't decode byte 0x89 in position 0: invalid start byte
2025-03-13 19:03:01,823 - ERROR - Error scanning file src/hooks/commit-scripts/__pycache__/secretscan.cpython-313.pyc: [Errno 2] No such file or directory: 'src/hooks/commit-scripts/__pycache__/secretscan.cpython-313.pyc'
2025-03-13 19:03:01,823 - ERROR - Error scanning file src/hooks/commit-scripts/config.py: [Errno 2] No such file or directory: 'src/hooks/commit-scripts/config.py'
2025-03-13 19:03:01,823 - ERROR - Error scanning file src/hooks/commit-scripts/secretscan.log: [Errno 2] No such file or directory: 'src/hooks/commit-scripts/secretscan.log'
2025-03-13 19:03:01,823 - ERROR - Error scanning file src/hooks/commit-scripts/secretscan.py: [Errno 2] No such file or directory: 'src/hooks/commit-scripts/secretscan.py'
2025-03-13 19:03:01,823 - ERROR - Error scanning file src/hooks/commit-scripts/templates/report.html: [Errno 2] No such file or directory: 'src/hooks/commit-scripts/templates/report.html'
2025-03-13 19:03:01,823 - ERROR - Error scanning file src/hooks/commit-scripts/utils.py: [Errno 2] No such file or directory: 'src/hooks/commit-scripts/utils.py'
2025-03-13 19:03:02,727 - INFO - HTML report generated at /Users/sai.kompelly/Desktop/Genie-Githooks-V2/Genie-NoAI/src/hooks/.commit-reports/repository-scan-report.html
2025-03-13 19:04:04,036 - ERROR - Error scanning file .DS_Store: 'utf-8' codec can't decode byte 0xff in position 1070: invalid start byte
2025-03-13 19:04:05,392 - ERROR - Error scanning file src/.DS_Store: 'utf-8' codec can't decode byte 0x8b in position 555: invalid start byte
2025-03-13 19:04:05,409 - ERROR - Error scanning file src/assets/.DS_Store: 'utf-8' codec can't decode byte 0x80 in position 3131: invalid start byte
2025-03-13 19:04:05,426 - ERROR - Error scanning file src/assets/logo.png: 'utf-8' codec can't decode byte 0x89 in position 0: invalid start byte
2025-03-13 19:04:05,442 - ERROR - Error scanning file src/hooks/commit-scripts/__pycache__/secretscan.cpython-313.pyc: [Errno 2] No such file or directory: 'src/hooks/commit-scripts/__pycache__/secretscan.cpython-313.pyc'
2025-03-13 19:04:05,457 - ERROR - Error scanning file src/hooks/commit-scripts/config.py: [Errno 2] No such file or directory: 'src/hooks/commit-scripts/config.py'
2025-03-13 19:04:05,474 - ERROR - Error scanning file src/hooks/commit-scripts/secretscan.log: [Errno 2] No such file or directory: 'src/hooks/commit-scripts/secretscan.log'
2025-03-13 19:04:05,491 - ERROR - Error scanning file src/hooks/commit-scripts/secretscan.py: [Errno 2] No such file or directory: 'src/hooks/commit-scripts/secretscan.py'
2025-03-13 19:04:05,507 - ERROR - Error scanning file src/hooks/commit-scripts/templates/report.html: [Errno 2] No such file or directory: 'src/hooks/commit-scripts/templates/report.html'
2025-03-13 19:04:05,522 - ERROR - Error scanning file src/hooks/commit-scripts/utils.py: [Errno 2] No such file or directory: 'src/hooks/commit-scripts/utils.py'
2025-03-13 19:04:06,546 - INFO - HTML report generated at /Users/sai.kompelly/Desktop/Genie-Githooks-V2/Genie-NoAI/src/hooks/.commit-reports/repository-scan-report.html
2025-03-13 19:06:43,483 - ERROR - Error scanning file .DS_Store: 'utf-8' codec can't decode byte 0xff in position 1070: invalid start byte
2025-03-13 19:06:44,641 - ERROR - Error scanning file src/.DS_Store: 'utf-8' codec can't decode byte 0x8b in position 555: invalid start byte
2025-03-13 19:06:44,657 - ERROR - Error scanning file src/assets/.DS_Store: 'utf-8' codec can't decode byte 0x80 in position 3131: invalid start byte
2025-03-13 19:06:44,674 - ERROR - Error scanning file src/assets/logo.png: 'utf-8' codec can't decode byte 0x89 in position 0: invalid start byte
2025-03-13 19:06:44,688 - ERROR - Error scanning file src/hooks/commit-scripts/__pycache__/secretscan.cpython-313.pyc: [Errno 2] No such file or directory: 'src/hooks/commit-scripts/__pycache__/secretscan.cpython-313.pyc'
2025-03-13 19:06:44,705 - ERROR - Error scanning file src/hooks/commit-scripts/config.py: [Errno 2] No such file or directory: 'src/hooks/commit-scripts/config.py'
2025-03-13 19:06:44,722 - ERROR - Error scanning file src/hooks/commit-scripts/secretscan.log: [Errno 2] No such file or directory: 'src/hooks/commit-scripts/secretscan.log'
2025-03-13 19:06:44,738 - ERROR - Error scanning file src/hooks/commit-scripts/secretscan.py: [Errno 2] No such file or directory: 'src/hooks/commit-scripts/secretscan.py'
2025-03-13 19:06:44,755 - ERROR - Error scanning file src/hooks/commit-scripts/templates/report.html: [Errno 2] No such file or directory: 'src/hooks/commit-scripts/templates/report.html'
2025-03-13 19:06:44,771 - ERROR - Error scanning file src/hooks/commit-scripts/utils.py: [Errno 2] No such file or directory: 'src/hooks/commit-scripts/utils.py'
2025-03-13 19:06:45,847 - INFO - HTML report generated at /Users/sai.kompelly/.genie/hooks/.commit-reports/repository-scan-report.html
2025-03-13 19:06:56,733 - ERROR - Error scanning file .DS_Store: 'utf-8' codec can't decode byte 0xff in position 1070: invalid start byte
2025-03-13 19:06:57,475 - ERROR - Error scanning file src/.DS_Store: 'utf-8' codec can't decode byte 0x8b in position 555: invalid start byte
2025-03-13 19:06:57,482 - ERROR - Error scanning file src/assets/.DS_Store: 'utf-8' codec can't decode byte 0x80 in position 3131: invalid start byte
2025-03-13 19:06:57,491 - ERROR - Error scanning file src/assets/logo.png: 'utf-8' codec can't decode byte 0x89 in position 0: invalid start byte
2025-03-13 19:06:57,499 - ERROR - Error scanning file src/hooks/commit-scripts/__pycache__/secretscan.cpython-313.pyc: [Errno 2] No such file or directory: 'src/hooks/commit-scripts/__pycache__/secretscan.cpython-313.pyc'
2025-03-13 19:06:57,508 - ERROR - Error scanning file src/hooks/commit-scripts/config.py: [Errno 2] No such file or directory: 'src/hooks/commit-scripts/config.py'
2025-03-13 19:06:57,516 - ERROR - Error scanning file src/hooks/commit-scripts/secretscan.log: [Errno 2] No such file or directory: 'src/hooks/commit-scripts/secretscan.log'
2025-03-13 19:06:57,524 - ERROR - Error scanning file src/hooks/commit-scripts/secretscan.py: [Errno 2] No such file or directory: 'src/hooks/commit-scripts/secretscan.py'
2025-03-13 19:06:57,532 - ERROR - Error scanning file src/hooks/commit-scripts/templates/report.html: [Errno 2] No such file or directory: 'src/hooks/commit-scripts/templates/report.html'
2025-03-13 19:06:57,540 - ERROR - Error scanning file src/hooks/commit-scripts/utils.py: [Errno 2] No such file or directory: 'src/hooks/commit-scripts/utils.py'
2025-03-13 19:06:58,115 - INFO - HTML report generated at /Users/sai.kompelly/.genie/hooks/.commit-reports/repository-scan-report.html
2025-03-13 19:19:55,197 - ERROR - Error scanning file .DS_Store: 'utf-8' codec can't decode byte 0xff in position 1070: invalid start byte
2025-03-13 19:19:55,762 - ERROR - Error scanning file src/.DS_Store: 'utf-8' codec can't decode byte 0x8b in position 555: invalid start byte
2025-03-13 19:19:55,769 - ERROR - Error scanning file src/assets/.DS_Store: 'utf-8' codec can't decode byte 0x80 in position 3131: invalid start byte
2025-03-13 19:19:55,777 - ERROR - Error scanning file src/assets/logo.png: 'utf-8' codec can't decode byte 0x89 in position 0: invalid start byte
2025-03-13 19:19:55,851 - ERROR - Error scanning file src/hooks/commit-scripts/__pycache__/secretscan.cpython-313.pyc: [Errno 2] No such file or directory: 'src/hooks/commit-scripts/__pycache__/secretscan.cpython-313.pyc'
2025-03-13 19:19:55,858 - ERROR - Error scanning file src/hooks/commit-scripts/config.py: [Errno 2] No such file or directory: 'src/hooks/commit-scripts/config.py'
2025-03-13 19:19:55,866 - ERROR - Error scanning file src/hooks/commit-scripts/secretscan.log: [Errno 2] No such file or directory: 'src/hooks/commit-scripts/secretscan.log'
2025-03-13 19:19:55,873 - ERROR - Error scanning file src/hooks/commit-scripts/secretscan.py: [Errno 2] No such file or directory: 'src/hooks/commit-scripts/secretscan.py'
2025-03-13 19:19:55,882 - ERROR - Error scanning file src/hooks/commit-scripts/templates/report.html: [Errno 2] No such file or directory: 'src/hooks/commit-scripts/templates/report.html'
2025-03-13 19:19:55,891 - ERROR - Error scanning file src/hooks/commit-scripts/utils.py: [Errno 2] No such file or directory: 'src/hooks/commit-scripts/utils.py'
2025-03-13 19:19:56,524 - INFO - HTML report generated at /Users/sai.kompelly/.genie/hooks/.commit-reports/repository-scan-report.html
2025-03-13 19:20:31,847 - ERROR - Error scanning file .DS_Store: 'utf-8' codec can't decode byte 0xff in position 1070: invalid start byte
2025-03-13 19:20:32,562 - ERROR - Error scanning file src/.DS_Store: 'utf-8' codec can't decode byte 0x8b in position 555: invalid start byte
2025-03-13 19:20:32,571 - ERROR - Error scanning file src/assets/.DS_Store: 'utf-8' codec can't decode byte 0x80 in position 3131: invalid start byte
2025-03-13 19:20:32,579 - ERROR - Error scanning file src/assets/logo.png: 'utf-8' codec can't decode byte 0x89 in position 0: invalid start byte
2025-03-13 19:20:32,641 - ERROR - Error scanning file src/hooks/commit-scripts/__pycache__/secretscan.cpython-313.pyc: [Errno 2] No such file or directory: 'src/hooks/commit-scripts/__pycache__/secretscan.cpython-313.pyc'
2025-03-13 19:20:32,647 - ERROR - Error scanning file src/hooks/commit-scripts/config.py: [Errno 2] No such file or directory: 'src/hooks/commit-scripts/config.py'
2025-03-13 19:20:32,655 - ERROR - Error scanning file src/hooks/commit-scripts/secretscan.log: [Errno 2] No such file or directory: 'src/hooks/commit-scripts/secretscan.log'
2025-03-13 19:20:32,663 - ERROR - Error scanning file src/hooks/commit-scripts/secretscan.py: [Errno 2] No such file or directory: 'src/hooks/commit-scripts/secretscan.py'
2025-03-13 19:20:32,670 - ERROR - Error scanning file src/hooks/commit-scripts/templates/report.html: [Errno 2] No such file or directory: 'src/hooks/commit-scripts/templates/report.html'
2025-03-13 19:20:32,678 - ERROR - Error scanning file src/hooks/commit-scripts/utils.py: [Errno 2] No such file or directory: 'src/hooks/commit-scripts/utils.py'
2025-03-13 19:20:33,315 - INFO - HTML report generated at /Users/sai.kompelly/.genie/hooks/.commit-reports/repository-scan-report.html
2025-03-13 19:21:15,602 - ERROR - Error scanning file .DS_Store: 'utf-8' codec can't decode byte 0xff in position 1070: invalid start byte
2025-03-13 19:21:16,324 - ERROR - Error scanning file src/.DS_Store: 'utf-8' codec can't decode byte 0x8b in position 555: invalid start byte
2025-03-13 19:21:16,332 - ERROR - Error scanning file src/assets/.DS_Store: 'utf-8' codec can't decode byte 0x80 in position 3131: invalid start byte
2025-03-13 19:21:16,340 - ERROR - Error scanning file src/assets/logo.png: 'utf-8' codec can't decode byte 0x89 in position 0: invalid start byte
2025-03-13 19:21:16,409 - ERROR - Error scanning file src/hooks/commit-scripts/__pycache__/secretscan.cpython-313.pyc: [Errno 2] No such file or directory: 'src/hooks/commit-scripts/__pycache__/secretscan.cpython-313.pyc'
2025-03-13 19:21:16,416 - ERROR - Error scanning file src/hooks/commit-scripts/config.py: [Errno 2] No such file or directory: 'src/hooks/commit-scripts/config.py'
2025-03-13 19:21:16,423 - ERROR - Error scanning file src/hooks/commit-scripts/secretscan.log: [Errno 2] No such file or directory: 'src/hooks/commit-scripts/secretscan.log'
2025-03-13 19:21:16,432 - ERROR - Error scanning file src/hooks/commit-scripts/secretscan.py: [Errno 2] No such file or directory: 'src/hooks/commit-scripts/secretscan.py'
2025-03-13 19:21:16,441 - ERROR - Error scanning file src/hooks/commit-scripts/templates/report.html: [Errno 2] No such file or directory: 'src/hooks/commit-scripts/templates/report.html'
2025-03-13 19:21:16,449 - ERROR - Error scanning file src/hooks/commit-scripts/utils.py: [Errno 2] No such file or directory: 'src/hooks/commit-scripts/utils.py'
2025-03-13 19:21:17,081 - INFO - HTML report generated at /Users/sai.kompelly/.genie/hooks/.commit-reports/repository-scan-report.html
