2025-03-12 15:57:56,914 - INFO - Detected unstaged changes in Git. Running in diff mode...
2025-03-12 16:01:51,904 - INFO - Detected unstaged changes in Git. Running in diff mode...
2025-03-12 16:01:51,918 - DEBUG - Scanning content for file: src/hooks/commit-scripts/secretscan.log with line offset: 1
2025-03-12 16:01:51,919 - DEBUG - Scanning content for file: src/hooks/pre-commit with line offset: 0
2025-03-12 16:03:20,260 - INFO - Scanning only changed lines in Git diff...
2025-03-12 16:03:20,289 - DEBUG - Scanning content for file: src/hooks/commit-scripts/secretscan.log with line offset: 4
2025-03-12 16:03:20,290 - DEBUG - Scanning content for file: src/hooks/commit-scripts/secretscan.py with line offset: 129
2025-03-12 16:03:23,414 - INFO - Scanning only changed lines in Git diff...
2025-03-12 16:03:23,440 - DEBUG - Scanning content for file: src/hooks/commit-scripts/secretscan.log with line offset: 4
2025-03-12 16:03:23,443 - DEBUG - Scanning content for file: src/hooks/commit-scripts/secretscan.py with line offset: 129
2025-03-12 16:03:57,996 - INFO - Scanning only changed lines in Git diff...
2025-03-12 16:03:58,022 - DEBUG - Scanning content for file: src/hooks/commit-scripts/secretscan.log with line offset: 4
2025-03-12 16:03:58,023 - DEBUG - Scanning content for file: src/hooks/commit-scripts/secretscan.py with line offset: 129
2025-03-12 16:04:25,845 - INFO - Scanning only changed lines in Git diff...
2025-03-12 16:04:25,873 - DEBUG - Scanning content for file: src/hooks/commit-scripts/secretscan.log with line offset: 13
2025-03-12 16:05:56,665 - INFO - Scanning only changed lines in Git diff...
2025-03-12 16:05:56,688 - DEBUG - Scanning content for file: src/hooks/commit-scripts/secretscan.log with line offset: 15
2025-03-12 16:07:05,742 - INFO - Scanning only changed lines in Git diff...
2025-03-12 16:07:05,763 - DEBUG - Scanning content for file: src/hooks/commit-scripts/secretscan.log with line offset: 17
2025-03-12 18:36:32,884 - INFO - Scanning only changed lines in Git diff...
2025-03-12 18:36:32,911 - DEBUG - Scanning content for file: src/hooks/commit-scripts/secretscan.log with line offset: 17
2025-03-12 18:36:32,912 - DEBUG - Scanning content for file: src/hooks/commit-scripts/secretscan.py with line offset: 127
2025-03-12 18:36:32,913 - DEBUG - Scanning content for file: src/hooks/pre-commit with line offset: 84
2025-03-12 18:36:32,913 - DEBUG - Scanning content for file: src/hooks/scan-repo with line offset: 518
2025-03-12 18:38:12,611 - INFO - Scanning only changed lines in Git diff...
2025-03-12 18:38:12,640 - DEBUG - Scanning content for file: src/hooks/commit-scripts/secretscan.log with line offset: 17
2025-03-12 18:38:12,641 - DEBUG - Scanning content for file: src/hooks/commit-scripts/secretscan.py with line offset: 127
2025-03-12 18:38:12,643 - DEBUG - Scanning content for file: src/hooks/pre-commit with line offset: 84
2025-03-12 18:38:12,643 - DEBUG - Scanning content for file: src/hooks/scan-repo with line offset: 518
2025-03-12 18:44:44,463 - INFO - Scanning only changed lines in Git diff...
2025-03-12 18:44:44,485 - DEBUG - Scanning content for file: src/hooks/commit-scripts/secretscan.log with line offset: 17
2025-03-12 18:44:44,486 - DEBUG - Scanning content for file: src/hooks/commit-scripts/secretscan.py with line offset: 127
2025-03-12 18:44:44,487 - DEBUG - Scanning content for file: src/hooks/pre-commit with line offset: 84
2025-03-12 18:44:44,488 - DEBUG - Scanning content for file: src/hooks/scan-repo with line offset: 518
2025-03-12 18:48:20,947 - INFO - Scanning only changed lines in Git diff...
2025-03-12 18:48:20,960 - DEBUG - Scanning content for file: src/hooks/commit-scripts/secretscan.log with line offset: 17
2025-03-12 18:48:20,961 - DEBUG - Scanning content for file: src/hooks/commit-scripts/secretscan.py with line offset: 127
2025-03-12 18:48:20,962 - DEBUG - Scanning content for file: src/hooks/pre-commit with line offset: 84
2025-03-12 18:48:20,962 - DEBUG - Scanning content for file: src/hooks/scan-repo with line offset: 518
2025-03-12 18:55:27,367 - INFO - Scanning only changed lines in Git diff...
2025-03-12 18:55:27,395 - DEBUG - Scanning content for file: src/hooks/commit-scripts/secretscan.log with line offset: 17
2025-03-12 18:55:27,397 - DEBUG - Scanning content for file: src/hooks/commit-scripts/secretscan.py with line offset: 127
2025-03-12 18:55:27,398 - DEBUG - Scanning content for file: src/hooks/pre-commit with line offset: 84
2025-03-12 18:55:27,398 - DEBUG - Scanning content for file: src/hooks/scan-repo with line offset: 518
2025-03-12 19:08:52,057 - INFO - Scanning only changed lines in Git diff...
2025-03-12 19:08:52,071 - DEBUG - Scanning content for file: src/hooks/commit-scripts/secretscan.log with line offset: 17
2025-03-12 19:08:52,072 - DEBUG - Scanning content for file: src/hooks/commit-scripts/secretscan.py with line offset: 127
2025-03-12 19:08:52,073 - DEBUG - Scanning content for file: src/hooks/post-commit with line offset: 26
2025-03-12 19:08:52,073 - DEBUG - Scanning content for file: src/hooks/pre-commit with line offset: 84
2025-03-12 19:08:52,073 - DEBUG - Scanning content for file: src/hooks/scan-repo with line offset: 518
2025-03-12 19:09:30,542 - INFO - Scanning only changed lines in Git diff...
2025-03-12 19:09:30,571 - DEBUG - Scanning content for file: src/hooks/commit-scripts/secretscan.log with line offset: 17
2025-03-12 19:09:30,573 - DEBUG - Scanning content for file: src/hooks/commit-scripts/secretscan.py with line offset: 127
2025-03-12 19:09:30,574 - DEBUG - Scanning content for file: src/hooks/post-commit with line offset: 26
2025-03-12 19:09:30,574 - DEBUG - Scanning content for file: src/hooks/pre-commit with line offset: 84
2025-03-12 19:09:30,574 - DEBUG - Scanning content for file: src/hooks/scan-repo with line offset: 518
2025-03-12 19:10:33,610 - INFO - Scanning only changed lines in Git diff...
2025-03-12 19:10:33,645 - DEBUG - Scanning content for file: src/hooks/commit-scripts/secretscan.log with line offset: 17
2025-03-12 19:10:33,648 - DEBUG - Scanning content for file: src/hooks/commit-scripts/secretscan.py with line offset: 127
2025-03-12 19:10:33,649 - DEBUG - Scanning content for file: src/hooks/post-commit with line offset: 26
2025-03-12 19:10:33,649 - DEBUG - Scanning content for file: src/hooks/pre-commit with line offset: 84
2025-03-12 19:10:33,650 - DEBUG - Scanning content for file: src/hooks/scan-repo with line offset: 518
2025-03-12 19:16:49,680 - INFO - Scanning only changed lines in Git diff...
2025-03-12 19:17:12,074 - INFO - Scanning only changed lines in Git diff...
2025-03-12 19:17:19,640 - INFO - Scanning only changed lines in Git diff...
2025-03-12 19:17:36,067 - INFO - Scanning only changed lines in Git diff...
2025-03-12 19:17:41,391 - INFO - Scanning only changed lines in Git diff...
2025-03-12 19:17:52,594 - INFO - Scanning only changed lines in Git diff...
2025-03-12 19:18:01,851 - INFO - Scanning only changed lines in Git diff...
2025-03-12 19:18:19,300 - INFO - Scanning only changed lines in Git diff...
2025-03-12 19:18:25,249 - INFO - Scanning only changed lines in Git diff...
2025-03-12 19:18:36,369 - INFO - Scanning only changed lines in Git diff...
2025-03-12 19:18:43,130 - INFO - Scanning only changed lines in Git diff...
2025-03-12 19:18:55,218 - INFO - Scanning only changed lines in Git diff...
2025-03-12 19:20:30,912 - INFO - Scanning only changed lines in Git diff...
2025-03-12 19:20:37,750 - INFO - Scanning only changed lines in Git diff...
2025-03-12 19:29:30,511 - INFO - Scanning only changed lines in Git diff...
2025-03-12 19:29:30,540 - DEBUG - Scanning content for file: src/hooks/commit-scripts/secretscan.log with line offset: 17
2025-03-12 19:29:30,542 - DEBUG - Scanning content for file: src/hooks/commit-scripts/secretscan.py with line offset: 127
2025-03-12 19:29:30,544 - DEBUG - Scanning content for file: src/hooks/post-commit with line offset: 26
2025-03-12 19:29:30,544 - DEBUG - Scanning content for file: src/hooks/pre-commit with line offset: 84
2025-03-12 19:29:30,544 - DEBUG - Scanning content for file: src/hooks/scan-repo with line offset: 518
2025-03-12 19:30:35,398 - INFO - Scanning only changed lines in Git diff...
2025-03-12 19:30:35,427 - DEBUG - Scanning content for file: src/hooks/commit-scripts/secretscan.log with line offset: 17
2025-03-12 19:30:35,429 - DEBUG - Scanning content for file: src/hooks/commit-scripts/secretscan.py with line offset: 127
2025-03-12 19:30:35,431 - DEBUG - Scanning content for file: src/hooks/post-commit with line offset: 26
2025-03-12 19:30:35,431 - DEBUG - Scanning content for file: src/hooks/pre-commit with line offset: 84
2025-03-12 19:30:35,432 - DEBUG - Scanning content for file: src/hooks/scan-repo with line offset: 518
2025-03-12 19:31:40,435 - INFO - Scanning only changed lines in Git diff...
2025-03-12 19:31:40,467 - DEBUG - Scanning content for file: src/hooks/commit-scripts/secretscan.log with line offset: 17
2025-03-12 19:31:40,470 - DEBUG - Scanning content for file: src/hooks/commit-scripts/secretscan.py with line offset: 127
2025-03-12 19:31:40,472 - DEBUG - Scanning content for file: src/hooks/post-commit with line offset: 26
2025-03-12 19:31:40,473 - DEBUG - Scanning content for file: src/hooks/pre-commit with line offset: 62
2025-03-12 19:31:40,473 - DEBUG - Scanning content for file: src/hooks/scan-repo with line offset: 518
2025-03-12 19:32:44,713 - INFO - Scanning only changed lines in Git diff...
2025-03-12 19:32:44,726 - DEBUG - Scanning content for file: src/hooks/commit-scripts/secretscan.log with line offset: 17
2025-03-12 19:32:44,728 - DEBUG - Scanning content for file: src/hooks/commit-scripts/secretscan.py with line offset: 127
2025-03-12 19:32:44,729 - DEBUG - Scanning content for file: src/hooks/post-commit with line offset: 19
2025-03-12 19:32:44,729 - DEBUG - Scanning content for file: src/hooks/pre-commit with line offset: 62
2025-03-12 19:32:44,729 - DEBUG - Scanning content for file: src/hooks/scan-repo with line offset: 518
2025-03-12 19:33:50,404 - INFO - Scanning only changed lines in Git diff...
2025-03-12 19:33:50,430 - DEBUG - Scanning content for file: src/hooks/commit-scripts/secretscan.log with line offset: 17
2025-03-12 19:33:50,433 - DEBUG - Scanning content for file: src/hooks/commit-scripts/secretscan.py with line offset: 127
2025-03-12 19:33:50,433 - DEBUG - Scanning content for file: src/hooks/post-commit with line offset: 19
2025-03-12 19:33:50,434 - DEBUG - Scanning content for file: src/hooks/pre-commit with line offset: 62
2025-03-12 19:33:50,434 - DEBUG - Scanning content for file: src/hooks/scan-repo with line offset: 518
2025-03-12 19:34:33,924 - INFO - Scanning only changed lines in Git diff...
2025-03-12 19:34:33,956 - DEBUG - Scanning content for file: src/hooks/commit-scripts/secretscan.log with line offset: 17
2025-03-12 19:34:33,958 - DEBUG - Scanning content for file: src/hooks/commit-scripts/secretscan.py with line offset: 127
2025-03-12 19:34:33,961 - DEBUG - Scanning content for file: src/hooks/post-commit with line offset: 19
2025-03-12 19:34:33,961 - DEBUG - Scanning content for file: src/hooks/pre-commit with line offset: 62
2025-03-12 19:34:33,961 - DEBUG - Scanning content for file: src/hooks/scan-repo with line offset: 518
2025-03-12 19:37:54,106 - INFO - Scanning only changed lines in Git diff...
2025-03-12 19:37:54,142 - DEBUG - Scanning content for file: src/hooks/commit-scripts/secretscan.log with line offset: 17
2025-03-12 19:37:54,151 - DEBUG - Scanning content for file: src/hooks/commit-scripts/secretscan.py with line offset: 127
2025-03-12 19:37:54,152 - DEBUG - Scanning content for file: src/hooks/post-commit with line offset: 19
2025-03-12 19:37:54,152 - DEBUG - Scanning content for file: src/hooks/pre-commit with line offset: 62
2025-03-12 19:37:54,152 - DEBUG - Scanning content for file: src/hooks/scan-repo with line offset: 518
2025-03-12 19:38:17,620 - INFO - Scanning only changed lines in Git diff...
2025-03-12 19:38:17,651 - DEBUG - Scanning content for file: src/hooks/commit-scripts/secretscan.log with line offset: 17
2025-03-12 19:38:17,654 - DEBUG - Scanning content for file: src/hooks/commit-scripts/secretscan.py with line offset: 127
2025-03-12 19:38:17,656 - DEBUG - Scanning content for file: src/hooks/post-commit with line offset: 19
2025-03-12 19:38:17,656 - DEBUG - Scanning content for file: src/hooks/pre-commit with line offset: 62
2025-03-12 19:38:17,657 - DEBUG - Scanning content for file: src/hooks/scan-repo with line offset: 518
2025-03-12 19:42:40,485 - INFO - Scanning only changed lines in Git diff...
2025-03-12 19:42:40,515 - DEBUG - Scanning content for file: src/hooks/commit-scripts/secretscan.log with line offset: 17
2025-03-12 19:42:40,517 - DEBUG - Scanning content for file: src/hooks/commit-scripts/secretscan.py with line offset: 127
2025-03-12 19:42:40,518 - DEBUG - Scanning content for file: src/hooks/post-commit with line offset: 13
2025-03-12 19:42:40,518 - DEBUG - Scanning content for file: src/hooks/pre-commit with line offset: 62
2025-03-12 19:42:40,519 - DEBUG - Scanning content for file: src/hooks/scan-repo with line offset: 518
2025-03-12 19:54:03,669 - INFO - Scanning only changed lines in Git diff...
2025-03-12 19:54:03,697 - DEBUG - Scanning content for file: src/hooks/commit-scripts/secretscan.log with line offset: 17
2025-03-12 19:54:03,699 - DEBUG - Scanning content for file: src/hooks/commit-scripts/secretscan.py with line offset: 127
2025-03-12 19:54:03,700 - DEBUG - Scanning content for file: src/hooks/post-commit with line offset: 13
2025-03-12 19:54:03,701 - DEBUG - Scanning content for file: src/hooks/pre-commit with line offset: 62
2025-03-12 19:54:03,701 - DEBUG - Scanning content for file: src/hooks/scan-repo with line offset: 518
2025-03-12 19:55:36,279 - INFO - Scanning only changed lines in Git diff...
2025-03-12 19:55:36,292 - DEBUG - Scanning content for file: src/hooks/commit-scripts/secretscan.log with line offset: 17
2025-03-12 19:55:36,294 - DEBUG - Scanning content for file: src/hooks/commit-scripts/secretscan.py with line offset: 127
2025-03-12 19:55:36,295 - DEBUG - Scanning content for file: src/hooks/post-commit with line offset: 13
2025-03-12 19:55:36,295 - DEBUG - Scanning content for file: src/hooks/pre-commit with line offset: 62
2025-03-12 19:55:36,295 - DEBUG - Scanning content for file: src/hooks/scan-repo with line offset: 518
2025-03-12 19:57:15,041 - INFO - Scanning only changed lines in Git diff...
2025-03-12 19:57:15,076 - DEBUG - Scanning content for file: src/hooks/commit-scripts/secretscan.log with line offset: 17
2025-03-12 19:57:15,080 - DEBUG - Scanning content for file: src/hooks/commit-scripts/secretscan.py with line offset: 127
2025-03-12 19:57:15,082 - DEBUG - Scanning content for file: src/hooks/post-commit with line offset: 13
2025-03-12 19:57:15,083 - DEBUG - Scanning content for file: src/hooks/pre-commit with line offset: 62
2025-03-12 19:57:15,083 - DEBUG - Scanning content for file: src/hooks/scan-repo with line offset: 518
2025-03-12 19:57:52,690 - INFO - Scanning only changed lines in Git diff...
2025-03-12 19:57:52,716 - DEBUG - Scanning content for file: src/hooks/commit-scripts/secretscan.log with line offset: 17
2025-03-12 19:57:52,719 - DEBUG - Scanning content for file: src/hooks/commit-scripts/secretscan.py with line offset: 127
2025-03-12 19:57:52,721 - DEBUG - Scanning content for file: src/hooks/post-commit with line offset: 13
2025-03-12 19:57:52,721 - DEBUG - Scanning content for file: src/hooks/pre-commit with line offset: 62
2025-03-12 19:57:52,722 - DEBUG - Scanning content for file: src/hooks/scan-repo with line offset: 518
2025-03-12 19:58:17,044 - INFO - Scanning only changed lines in Git diff...
2025-03-12 19:58:17,074 - DEBUG - Scanning content for file: src/hooks/commit-scripts/secretscan.log with line offset: 17
2025-03-12 19:58:17,077 - DEBUG - Scanning content for file: src/hooks/commit-scripts/secretscan.py with line offset: 127
2025-03-12 19:58:17,078 - DEBUG - Scanning content for file: src/hooks/post-commit with line offset: 13
2025-03-12 19:58:17,079 - DEBUG - Scanning content for file: src/hooks/pre-commit with line offset: 62
2025-03-12 19:58:17,079 - DEBUG - Scanning content for file: src/hooks/scan-repo with line offset: 518
2025-03-12 20:03:53,999 - INFO - Scanning only changed lines in Git diff...
2025-03-12 20:03:54,035 - DEBUG - Scanning content for file: src/hooks/commit-scripts/secretscan.log with line offset: 17
2025-03-12 20:03:54,039 - DEBUG - Scanning content for file: src/hooks/commit-scripts/secretscan.py with line offset: 127
2025-03-12 20:03:54,042 - DEBUG - Scanning content for file: src/hooks/post-commit with line offset: 13
2025-03-12 20:03:54,043 - DEBUG - Scanning content for file: src/hooks/pre-commit with line offset: 62
2025-03-12 20:03:54,043 - DEBUG - Scanning content for file: src/hooks/scan-repo with line offset: 518
2025-03-12 20:06:48,570 - INFO - Scanning only changed lines in Git diff...
2025-03-12 20:06:48,590 - DEBUG - Scanning content for file: src/hooks/commit-scripts/secretscan.log with line offset: 17
2025-03-12 20:06:48,593 - DEBUG - Scanning content for file: src/hooks/commit-scripts/secretscan.py with line offset: 127
2025-03-12 20:06:48,595 - DEBUG - Scanning content for file: src/hooks/post-commit with line offset: 13
2025-03-12 20:06:48,595 - DEBUG - Scanning content for file: src/hooks/pre-commit with line offset: 62
2025-03-12 20:06:48,596 - DEBUG - Scanning content for file: src/hooks/scan-repo with line offset: 518
2025-03-12 20:07:50,295 - INFO - Scanning only changed lines in Git diff...
2025-03-12 20:07:50,328 - DEBUG - Scanning content for file: src/hooks/commit-scripts/secretscan.log with line offset: 17
2025-03-12 20:07:50,332 - DEBUG - Scanning content for file: src/hooks/commit-scripts/secretscan.py with line offset: 127
2025-03-12 20:07:50,335 - DEBUG - Scanning content for file: src/hooks/post-commit with line offset: 13
2025-03-12 20:07:50,336 - DEBUG - Scanning content for file: src/hooks/pre-commit with line offset: 62
2025-03-12 20:07:50,336 - DEBUG - Scanning content for file: src/hooks/scan-repo with line offset: 518
